Array
(
    [info_hash] => 
    [peer_id] => 
    [port] => 
    [uploaded] => 
    [downloaded] => 
    [left] => 
    [compact] => 
    [no_peer_id] => 
    [event] => 
    [ip] => 127.0.0.1
    [numwant] => 
    [key] => 
    [trackerid] => 
    [status] => 2
    [timestamp] => 1337887234
    [client_id] => 
    [version_major] => 
    [version_middle] => 
    [version_minor] => 
    [version_nano] => 
    [client] => Unknown
    [version] => 0.0.0
    [info_hash_b64] => 
    [peer_id_b64] => 
)
Array
(
    [interval] => 120
    [tracker id] => default
    [complete] => 0
    [incomplete] => 0
    [peers] => Array
        (
        )

    [isDct] => 1
)
d8:completei0e10:incompletei0e8:intervali120e5:peersle10:tracker id7:defaulte